<?xml version="1.0" encoding="UTF-8"?>
<testng-results ignored="0" total="4" passed="3" failed="1" skipped="0">
  <reporter-output>
  </reporter-output>
  <suite started-at="2023-02-10T21:11:50 IST" name="Suite" finished-at="2023-02-10T21:13:16 IST" duration-ms="85943">
    <groups>
    </groups>
    <test started-at="2023-02-10T21:11:50 IST" name="Test" finished-at="2023-02-10T21:13:16 IST" duration-ms="85943">
      <class name="demo.TestCase">
        <test-method is-config="true" signature="start()[pri:0, instance:demo.TestCase@6069db50]" started-at="2023-02-10T21:11:50 IST" name="start" finished-at="2023-02-10T21:11:51 IST" duration-ms="226" status="PASS">
          <reporter-output>
          </reporter-output>
        </test-method> <!-- start -->
        <test-method is-config="true" signature="setUp(java.lang.String)[pri:0, instance:demo.TestCase@6069db50]" started-at="2023-02-10T21:11:53 IST" name="setUp" finished-at="2023-02-10T21:12:03 IST" duration-ms="10347" status="PASS">
          <params>
            <param index="0">
              <value>
                <![CDATA[chrome]]>
              </value>
            </param>
          </params>
          <reporter-output>
          </reporter-output>
        </test-method> <!-- setUp -->
        <test-method signature="verifyLoginWithCorrectCred(java.lang.String,java.lang.String,java.lang.String)[pri:0, instance:demo.TestCase@6069db50]" started-at="2023-02-10T21:12:03 IST" name="verifyLoginWithCorrectCred" data-provider="LoginTestData" finished-at="2023-02-10T21:12:09 IST" duration-ms="6008" status="PASS">
          <params>
            <param index="0">
              <value>
                <![CDATA[1]]>
              </value>
            </param>
            <param index="1">
              <value>
                <![CDATA[amarwaghmare573@gmail.com]]>
              </value>
            </param>
            <param index="2">
              <value>
                <![CDATA[Test@1234]]>
              </value>
            </param>
          </params>
          <reporter-output>
          </reporter-output>
        </test-method> <!-- verifyLoginWithCorrectCred -->
        <test-method is-config="true" signature="tearDown()[pri:0, instance:demo.TestCase@6069db50]" started-at="2023-02-10T21:12:09 IST" name="tearDown" finished-at="2023-02-10T21:12:11 IST" duration-ms="1679" status="PASS">
          <reporter-output>
          </reporter-output>
        </test-method> <!-- tearDown -->
        <test-method is-config="true" signature="setUp(java.lang.String)[pri:0, instance:demo.TestCase@6069db50]" started-at="2023-02-10T21:12:11 IST" name="setUp" finished-at="2023-02-10T21:12:18 IST" duration-ms="7020" status="PASS">
          <params>
            <param index="0">
              <value>
                <![CDATA[chrome]]>
              </value>
            </param>
          </params>
          <reporter-output>
          </reporter-output>
        </test-method> <!-- setUp -->
        <test-method signature="verifyLoginWithCorrectCred(java.lang.String,java.lang.String,java.lang.String)[pri:0, instance:demo.TestCase@6069db50]" started-at="2023-02-10T21:12:18 IST" name="verifyLoginWithCorrectCred" data-provider="LoginTestData" finished-at="2023-02-10T21:12:29 IST" duration-ms="11609" status="PASS">
          <params>
            <param index="0">
              <value>
                <![CDATA[2]]>
              </value>
            </param>
            <param index="1">
              <value>
                <![CDATA[himanshukoshti1@gmail.com]]>
              </value>
            </param>
            <param index="2">
              <value>
                <![CDATA[Test@1234]]>
              </value>
            </param>
          </params>
          <reporter-output>
          </reporter-output>
        </test-method> <!-- verifyLoginWithCorrectCred -->
        <test-method is-config="true" signature="tearDown()[pri:0, instance:demo.TestCase@6069db50]" started-at="2023-02-10T21:12:29 IST" name="tearDown" finished-at="2023-02-10T21:12:31 IST" duration-ms="1405" status="PASS">
          <reporter-output>
          </reporter-output>
        </test-method> <!-- tearDown -->
        <test-method is-config="true" signature="setUp(java.lang.String)[pri:0, instance:demo.TestCase@6069db50]" started-at="2023-02-10T21:12:31 IST" name="setUp" finished-at="2023-02-10T21:12:38 IST" duration-ms="7075" status="PASS">
          <params>
            <param index="0">
              <value>
                <![CDATA[chrome]]>
              </value>
            </param>
          </params>
          <reporter-output>
          </reporter-output>
        </test-method> <!-- setUp -->
        <test-method signature="verifyLoginWithCorrectCred(java.lang.String,java.lang.String,java.lang.String)[pri:0, instance:demo.TestCase@6069db50]" started-at="2023-02-10T21:12:38 IST" name="verifyLoginWithCorrectCred" data-provider="LoginTestData" finished-at="2023-02-10T21:12:44 IST" duration-ms="5841" status="PASS">
          <params>
            <param index="0">
              <value>
                <![CDATA[3]]>
              </value>
            </param>
            <param index="1">
              <value>
                <![CDATA[er.rimpy20@gmail.com]]>
              </value>
            </param>
            <param index="2">
              <value>
                <![CDATA[Test@1234]]>
              </value>
            </param>
          </params>
          <reporter-output>
          </reporter-output>
        </test-method> <!-- verifyLoginWithCorrectCred -->
        <test-method is-config="true" signature="tearDown()[pri:0, instance:demo.TestCase@6069db50]" started-at="2023-02-10T21:12:44 IST" name="tearDown" finished-at="2023-02-10T21:12:45 IST" duration-ms="1401" status="PASS">
          <reporter-output>
          </reporter-output>
        </test-method> <!-- tearDown -->
        <test-method is-config="true" signature="setUp(java.lang.String)[pri:0, instance:demo.TestCase@6069db50]" started-at="2023-02-10T21:12:45 IST" name="setUp" finished-at="2023-02-10T21:13:09 IST" duration-ms="23943" status="PASS">
          <params>
            <param index="0">
              <value>
                <![CDATA[chrome]]>
              </value>
            </param>
          </params>
          <reporter-output>
          </reporter-output>
        </test-method> <!-- setUp -->
        <test-method signature="verifyLoginWithCorrectCred(java.lang.String,java.lang.String,java.lang.String)[pri:0, instance:demo.TestCase@6069db50]" started-at="2023-02-10T21:13:09 IST" name="verifyLoginWithCorrectCred" data-provider="LoginTestData" finished-at="2023-02-10T21:13:15 IST" duration-ms="5749" status="FAIL">
          <params>
            <param index="0">
              <value>
                <![CDATA[4]]>
              </value>
            </param>
            <param index="1">
              <value>
                <![CDATA[dnyanuvj@gmail.com]]>
              </value>
            </param>
            <param index="2">
              <value>
                <![CDATA[@Test@1234]]>
              </value>
            </param>
          </params>
          <exception class="java.lang.AssertionError">
            <message>
              <![CDATA[expected [https://www.apps.dalalstreet.ai/dashboard] but found [https://www.apps.dalalstreet.ai/login]]]>
            </message>
            <full-stacktrace>
              <![CDATA[java.lang.AssertionError: expected [https://www.apps.dalalstreet.ai/dashboard] but found [https://www.apps.dalalstreet.ai/login]
at org.testng.Assert.fail(Assert.java:99)
at org.testng.Assert.failNotEquals(Assert.java:1037)
at org.testng.Assert.assertEqualsImpl(Assert.java:140)
at org.testng.Assert.assertEquals(Assert.java:122)
at org.testng.Assert.assertEquals(Assert.java:629)
at org.testng.Assert.assertEquals(Assert.java:639)
at demo.TestCase.verifyLoginWithCorrectCred(TestCase.java:34)
at java.base/jdk.internal.reflect.NativeMethodAccessorImpl.invoke0(Native Method)
at java.base/jdk.internal.reflect.NativeMethodAccessorImpl.invoke(NativeMethodAccessorImpl.java:77)
at java.base/jdk.internal.reflect.DelegatingMethodAccessorImpl.invoke(DelegatingMethodAccessorImpl.java:43)
at java.base/java.lang.reflect.Method.invoke(Method.java:568)
at org.testng.internal.MethodInvocationHelper.invokeMethod(MethodInvocationHelper.java:133)
at org.testng.internal.TestInvoker.invokeMethod(TestInvoker.java:598)
at org.testng.internal.TestInvoker.invokeTestMethod(TestInvoker.java:173)
at org.testng.internal.MethodRunner.runInSequence(MethodRunner.java:46)
at org.testng.internal.TestInvoker$MethodInvocationAgent.invoke(TestInvoker.java:824)
at org.testng.internal.TestInvoker.invokeTestMethods(TestInvoker.java:146)
at org.testng.internal.TestMethodWorker.invokeTestMethods(TestMethodWorker.java:146)
at org.testng.internal.TestMethodWorker.run(TestMethodWorker.java:128)
at java.base/java.util.ArrayList.forEach(ArrayList.java:1511)
at org.testng.TestRunner.privateRun(TestRunner.java:794)
at org.testng.TestRunner.run(TestRunner.java:596)
at org.testng.SuiteRunner.runTest(SuiteRunner.java:377)
at org.testng.SuiteRunner.runSequentially(SuiteRunner.java:371)
at org.testng.SuiteRunner.privateRun(SuiteRunner.java:332)
at org.testng.SuiteRunner.run(SuiteRunner.java:276)
at org.testng.SuiteRunnerWorker.runSuite(SuiteRunnerWorker.java:53)
at org.testng.SuiteRunnerWorker.run(SuiteRunnerWorker.java:96)
at org.testng.TestNG.runSuitesSequentially(TestNG.java:1212)
at org.testng.TestNG.runSuitesLocally(TestNG.java:1134)
at org.testng.TestNG.runSuites(TestNG.java:1063)
at org.testng.TestNG.run(TestNG.java:1031)
at org.testng.remote.AbstractRemoteTestNG.run(AbstractRemoteTestNG.java:115)
at org.testng.remote.RemoteTestNG.initAndRun(RemoteTestNG.java:251)
at org.testng.remote.RemoteTestNG.main(RemoteTestNG.java:77)
]]>
            </full-stacktrace>
          </exception> <!-- java.lang.AssertionError -->
          <reporter-output>
          </reporter-output>
        </test-method> <!-- verifyLoginWithCorrectCred -->
        <test-method is-config="true" signature="tearDown()[pri:0, instance:demo.TestCase@6069db50]" started-at="2023-02-10T21:13:15 IST" name="tearDown" finished-at="2023-02-10T21:13:16 IST" duration-ms="1384" status="PASS">
          <reporter-output>
          </reporter-output>
        </test-method> <!-- tearDown -->
        <test-method is-config="true" signature="end()[pri:0, instance:demo.TestCase@6069db50]" started-at="2023-02-10T21:13:16 IST" name="end" finished-at="2023-02-10T21:13:16 IST" duration-ms="1" status="PASS">
          <reporter-output>
          </reporter-output>
        </test-method> <!-- end -->
      </class> <!-- demo.TestCase -->
    </test> <!-- Test -->
  </suite> <!-- Suite -->
</testng-results>
